<?xml version="1.0" encoding="UTF-8"?>
<!-- Generated by org.testng.reporters.JUnitXMLReporter -->
<testsuite ignored="0" hostname="BARAA-MANASRAH" failures="0" tests="3" name="Default test" time="31.229" errors="0" timestamp="2025-09-14T23:13:18 EET">
  <testcase classname="Automation.MyTestcases" name="SignupTest" time="17.091"/>
  <testcase classname="Automation.MyTestcases" name="logout" time="3.311"/>
  <testcase classname="Automation.MyTestcases" name="Login" time="6.931"/>
</testsuite> <!-- Default test -->
