<?xml version="1.0" encoding="UTF-8"?>
<testng-results ignored="0" total="3" passed="3" failed="0" skipped="0">
  <reporter-output>
  </reporter-output>
  <suite started-at="2025-09-14T23:12:47 EET" name="Default suite" finished-at="2025-09-14T23:13:18 EET" duration-ms="31229">
    <groups>
    </groups>
    <test started-at="2025-09-14T23:12:47 EET" name="Default test" finished-at="2025-09-14T23:13:18 EET" duration-ms="31229">
      <class name="Automation.MyTestcases">
        <test-method is-config="true" signature="mySetup()[pri:0, instance:Automation.MyTestcases@71cf1b07]" started-at="2025-09-14T23:12:47 EET" name="mySetup" finished-at="2025-09-14T23:12:51 EET" duration-ms="3824" status="PASS">
          <reporter-output>
          </reporter-output>
        </test-method> <!-- mySetup -->
        <test-method signature="SignupTest()[pri:1, instance:Automation.MyTestcases@71cf1b07]" started-at="2025-09-14T23:12:51 EET" name="SignupTest" finished-at="2025-09-14T23:13:08 EET" duration-ms="17091" status="PASS">
          <reporter-output>
          </reporter-output>
        </test-method> <!-- SignupTest -->
        <test-method signature="logout()[pri:2, instance:Automation.MyTestcases@71cf1b07]" started-at="2025-09-14T23:13:08 EET" name="logout" finished-at="2025-09-14T23:13:11 EET" duration-ms="3311" status="PASS">
          <reporter-output>
          </reporter-output>
        </test-method> <!-- logout -->
        <test-method signature="Login()[pri:3, instance:Automation.MyTestcases@71cf1b07]" started-at="2025-09-14T23:13:11 EET" name="Login" finished-at="2025-09-14T23:13:18 EET" duration-ms="6931" status="PASS">
          <reporter-output>
          </reporter-output>
        </test-method> <!-- Login -->
        <test-method is-config="true" signature="AfterMyTest()[pri:0, instance:Automation.MyTestcases@71cf1b07]" started-at="2025-09-14T23:13:18 EET" name="AfterMyTest" finished-at="2025-09-14T23:13:18 EET" duration-ms="0" status="PASS">
          <reporter-output>
          </reporter-output>
        </test-method> <!-- AfterMyTest -->
      </class> <!-- Automation.MyTestcases -->
    </test> <!-- Default test -->
  </suite> <!-- Default suite -->
</testng-results>
